12:53:15.587 [TestNG-tests-1] INFO  - browser name is: chrome
12:53:15.593 [TestNG-tests-1] INFO  - Running it on chrome browser....
12:53:15.593 [TestNG-tests-1] INFO  - running it on local
==
[INFO ] 2024-01-30 12:54:37.430 [TestNG-tests-1] DriverFactory - browser name is: chrome
[INFO ] 2024-01-30 12:54:37.436 [TestNG-tests-1] DriverFactory - Running it on chrome browser....
[INFO ] 2024-01-30 12:54:37.436 [TestNG-tests-1] DriverFactory - running it on local
[INFO ] 2024-01-30 14:45:37.507 [TestNG-tests-1] DriverFactory - browser name is: chrome
[INFO ] 2024-01-30 14:45:37.517 [TestNG-tests-1] DriverFactory - Running it on chrome browser....
[INFO ] 2024-01-30 14:45:37.518 [TestNG-tests-1] DriverFactory - running it on local
[INFO ] 2024-01-30 14:46:25.027 [TestNG-tests-1] DriverFactory - browser name is: chrome
[INFO ] 2024-01-30 14:46:25.033 [TestNG-tests-1] DriverFactory - Running it on chrome browser....
[INFO ] 2024-01-30 14:49:46.592 [TestNG-tests-1] DriverFactory - browser name is: chrome
[INFO ] 2024-01-30 14:49:46.636 [TestNG-tests-1] DriverFactory - Running it on chrome browser....
[INFO ] 2024-01-30 14:50:12.806 [TestNG-tests-1] DriverFactory - browser name is: chrome
[INFO ] 2024-01-30 14:50:12.815 [TestNG-tests-1] DriverFactory - Running it on chrome browser....
[INFO ] 2024-01-30 14:50:55.496 [TestNG-tests-2] DriverFactory - browser name is: chrome
[INFO ] 2024-01-30 14:50:55.496 [TestNG-tests-1] DriverFactory - browser name is: chrome
[INFO ] 2024-01-30 14:50:55.505 [TestNG-tests-2] DriverFactory - Running it on chrome browser....
[INFO ] 2024-01-30 14:50:55.505 [TestNG-tests-1] DriverFactory - Running it on chrome browser....
[INFO ] 2024-01-30 14:51:29.171 [TestNG-tests-1] DriverFactory - browser name is: chrome
[INFO ] 2024-01-30 14:51:29.171 [TestNG-tests-2] DriverFactory - browser name is: chrome
[INFO ] 2024-01-30 14:51:29.180 [TestNG-tests-1] DriverFactory - Running it on chrome browser....
[INFO ] 2024-01-30 14:51:29.198 [TestNG-tests-2] DriverFactory - Running it on chrome browser....
[INFO ] 2024-01-30 16:32:16.451 [TestNG-tests-1] DriverFactory - browser name is: chrome
[INFO ] 2024-01-30 16:32:16.452 [TestNG-tests-2] DriverFactory - browser name is: firefox
[INFO ] 2024-01-30 16:32:16.463 [TestNG-tests-2] DriverFactory - Running it on firefox browser....
[INFO ] 2024-01-30 16:32:16.463 [TestNG-tests-1] DriverFactory - Running it on chrome browser....
[INFO ] 2024-02-01 11:52:07.958 [TestNG-tests-1] DriverFactory - browser name is: chrome
[INFO ] 2024-02-01 11:52:07.959 [TestNG-tests-2] DriverFactory - browser name is: firefox
[INFO ] 2024-02-01 11:52:07.967 [TestNG-tests-2] DriverFactory - Running it on firefox browser....
[INFO ] 2024-02-01 11:52:07.969 [TestNG-tests-1] DriverFactory - Running it on chrome browser....
[INFO ] 2024-02-01 11:54:22.952 [TestNG-tests-2] DriverFactory - browser name is: firefox
[INFO ] 2024-02-01 11:54:22.951 [TestNG-tests-1] DriverFactory - browser name is: chrome
[INFO ] 2024-02-01 11:54:22.960 [TestNG-tests-1] DriverFactory - Running it on chrome browser....
[INFO ] 2024-02-01 11:54:22.960 [TestNG-tests-2] DriverFactory - Running it on firefox browser....
[INFO ] 2024-02-01 12:03:34.402 [TestNG-tests-1] DriverFactory - browser name is: chrome
[INFO ] 2024-02-01 12:03:34.402 [TestNG-tests-2] DriverFactory - browser name is: firefox
[INFO ] 2024-02-01 12:03:34.412 [TestNG-tests-1] DriverFactory - Running it on chrome browser....
[INFO ] 2024-02-01 12:03:34.412 [TestNG-tests-2] DriverFactory - Running it on firefox browser....
[INFO ] 2024-02-02 12:42:06.817 [TestNG-tests-2] DriverFactory - browser name is: firefox
[INFO ] 2024-02-02 12:42:06.817 [TestNG-tests-1] DriverFactory - browser name is: chrome
[INFO ] 2024-02-02 12:42:06.824 [TestNG-tests-1] DriverFactory - Running it on chrome browser....
[INFO ] 2024-02-02 12:42:06.824 [TestNG-tests-2] DriverFactory - Running it on firefox browser....
[INFO ] 2024-02-06 22:31:35.315 [TestNG-tests-2] DriverFactory - browser name is: firefox
[INFO ] 2024-02-06 22:31:35.315 [TestNG-tests-1] DriverFactory - browser name is: chrome
[INFO ] 2024-02-06 22:31:35.327 [TestNG-tests-1] DriverFactory - Running it on chrome browser....
[INFO ] 2024-02-06 22:31:35.327 [TestNG-tests-2] DriverFactory - Running it on firefox browser....
[INFO ] 2024-02-06 22:32:21.797 [TestNG-tests-1] DriverFactory - browser name is: chrome
[INFO ] 2024-02-06 22:32:21.797 [TestNG-tests-2] DriverFactory - browser name is: firefox
[INFO ] 2024-02-06 22:32:21.806 [TestNG-tests-1] DriverFactory - Running it on chrome browser....
[INFO ] 2024-02-06 22:32:21.806 [TestNG-tests-2] DriverFactory - Running it on firefox browser....
[INFO ] 2024-02-06 22:32:21.806 [TestNG-tests-1] DriverFactory - running it on local
[INFO ] 2024-02-06 22:33:05.594 [TestNG-tests-1] DriverFactory - browser name is: chrome
[INFO ] 2024-02-06 22:33:05.594 [TestNG-tests-2] DriverFactory - browser name is: firefox
[INFO ] 2024-02-06 22:33:05.603 [TestNG-tests-1] DriverFactory - Running it on chrome browser....
[INFO ] 2024-02-06 22:33:05.603 [TestNG-tests-2] DriverFactory - Running it on firefox browser....
[INFO ] 2024-02-06 22:33:05.603 [TestNG-tests-1] DriverFactory - running it on local
[INFO ] 2024-02-06 22:33:59.687 [TestNG-tests-2] DriverFactory - browser name is: chrome
[INFO ] 2024-02-06 22:33:59.696 [TestNG-tests-2] DriverFactory - Running it on chrome browser....
[INFO ] 2024-02-06 22:33:59.696 [TestNG-tests-2] DriverFactory - running it on local
[INFO ] 2024-02-06 22:33:59.726 [TestNG-tests-1] DriverFactory - browser name is: edge
[INFO ] 2024-02-06 22:33:59.727 [TestNG-tests-1] DriverFactory - Running it on edge browser....
[INFO ] 2024-02-06 22:37:20.439 [TestNG-tests-1] DriverFactory - browser name is: edge
[INFO ] 2024-02-06 22:37:20.439 [TestNG-tests-2] DriverFactory - browser name is: chrome
[INFO ] 2024-02-06 22:37:20.449 [TestNG-tests-1] DriverFactory - Running it on edge browser....
[INFO ] 2024-02-06 22:37:20.449 [TestNG-tests-2] DriverFactory - Running it on chrome browser....
[INFO ] 2024-02-06 22:37:20.449 [TestNG-tests-2] DriverFactory - running it on local
[INFO ] 2024-02-06 22:40:00.652 [TestNG-tests-2] DriverFactory - browser name is: chrome
[INFO ] 2024-02-06 22:40:00.652 [TestNG-tests-1] DriverFactory - browser name is: edge
[INFO ] 2024-02-06 22:40:00.660 [TestNG-tests-1] DriverFactory - Running it on edge browser....
[INFO ] 2024-02-06 22:40:00.660 [TestNG-tests-2] DriverFactory - Running it on chrome browser....
[INFO ] 2024-02-06 22:40:00.660 [TestNG-tests-2] DriverFactory - running it on local
[INFO ] 2024-02-06 22:45:28.959 [TestNG-tests-2] DriverFactory - browser name is: chrome
[INFO ] 2024-02-06 22:45:28.959 [TestNG-tests-1] DriverFactory - browser name is: edge
[INFO ] 2024-02-06 22:45:28.968 [TestNG-tests-2] DriverFactory - Running it on chrome browser....
[INFO ] 2024-02-06 22:45:28.968 [TestNG-tests-1] DriverFactory - Running it on edge browser....
[INFO ] 2024-02-06 22:45:28.968 [TestNG-tests-2] DriverFactory - running it on local
[INFO ] 2024-02-07 23:17:35.505 [TestNG-tests-2] DriverFactory - browser name is: chrome
[INFO ] 2024-02-07 23:17:35.525 [TestNG-tests-2] DriverFactory - Running it on chrome browser....
[INFO ] 2024-02-07 23:17:35.526 [TestNG-tests-2] DriverFactory - running it on local
[INFO ] 2024-02-07 23:17:35.520 [TestNG-tests-1] DriverFactory - browser name is: edge
[INFO ] 2024-02-07 23:17:35.541 [TestNG-tests-1] DriverFactory - Running it on edge browser....
[INFO ] 2024-02-07 23:37:24.850 [TestNG-tests-2] DriverFactory - browser name is: chrome
[INFO ] 2024-02-07 23:37:24.850 [TestNG-tests-1] DriverFactory - browser name is: edge
[INFO ] 2024-02-07 23:37:24.866 [TestNG-tests-2] DriverFactory - Running it on chrome browser....
[INFO ] 2024-02-07 23:37:24.866 [TestNG-tests-1] DriverFactory - Running it on edge browser....
[INFO ] 2024-02-07 23:37:24.866 [TestNG-tests-2] DriverFactory - running it on local
[INFO ] 2024-02-08 21:40:25.034 [TestNG-tests-2] DriverFactory - browser name is: chrome
[INFO ] 2024-02-08 21:40:25.034 [TestNG-tests-1] DriverFactory - browser name is: edge
[INFO ] 2024-02-08 21:40:25.046 [TestNG-tests-1] DriverFactory - Running it on edge browser....
[INFO ] 2024-02-08 21:40:25.046 [TestNG-tests-2] DriverFactory - Running it on chrome browser....
[INFO ] 2024-02-14 11:26:57.382 [TestNG-tests-2] DriverFactory - browser name is: chrome
[INFO ] 2024-02-14 11:26:57.382 [TestNG-tests-1] DriverFactory - browser name is: edge
[INFO ] 2024-02-14 11:26:57.392 [TestNG-tests-1] DriverFactory - Running it on edge browser....
[INFO ] 2024-02-14 11:26:57.392 [TestNG-tests-2] DriverFactory - Running it on chrome browser....
[INFO ] 2024-02-14 11:28:48.933 [TestNG-tests-1] DriverFactory - browser name is: edge
[INFO ] 2024-02-14 11:28:48.933 [TestNG-tests-2] DriverFactory - browser name is: chrome
[INFO ] 2024-02-14 11:28:48.941 [TestNG-tests-1] DriverFactory - Running it on edge browser....
[INFO ] 2024-02-14 11:28:48.941 [TestNG-tests-2] DriverFactory - Running it on chrome browser....
[INFO ] 2024-02-16 11:17:02.840 [TestNG-tests-1] DriverFactory - browser name is: edge
[INFO ] 2024-02-16 11:17:02.840 [TestNG-tests-2] DriverFactory - browser name is: chrome
[INFO ] 2024-02-16 11:17:02.854 [TestNG-tests-2] DriverFactory - Running it on chrome browser....
[INFO ] 2024-02-16 11:17:02.857 [TestNG-tests-1] DriverFactory - Running it on edge browser....
[INFO ] 2024-02-16 11:17:50.452 [TestNG-tests-1] DriverFactory - browser name is: edge
[INFO ] 2024-02-16 11:17:50.454 [TestNG-tests-2] DriverFactory - browser name is: chrome
[INFO ] 2024-02-16 11:17:50.460 [TestNG-tests-1] DriverFactory - Running it on edge browser....
[INFO ] 2024-02-16 11:17:50.461 [TestNG-tests-2] DriverFactory - Running it on chrome browser....
[INFO ] 2024-02-16 11:17:50.461 [TestNG-tests-2] DriverFactory - running it on local
[INFO ] 2024-02-21 10:49:53.894 [TestNG-tests-1] DriverFactory - browser name is: edge
[INFO ] 2024-02-21 10:49:53.894 [TestNG-tests-2] DriverFactory - browser name is: chrome
[INFO ] 2024-02-21 10:49:53.904 [TestNG-tests-2] DriverFactory - Running it on chrome browser....
[INFO ] 2024-02-21 10:49:53.904 [TestNG-tests-1] DriverFactory - Running it on edge browser....
[INFO ] 2024-02-22 17:01:38.771 [TestNG-tests-2] DriverFactory - browser name is: chrome
[INFO ] 2024-02-22 17:01:38.771 [TestNG-tests-1] DriverFactory - browser name is: edge
[INFO ] 2024-02-22 17:01:38.785 [TestNG-tests-2] DriverFactory - Running it on chrome browser....
[INFO ] 2024-02-22 17:01:38.785 [TestNG-tests-1] DriverFactory - Running it on edge browser....
[INFO ] 2024-02-22 17:01:38.785 [TestNG-tests-2] DriverFactory - running it on local
[INFO ] 2024-02-22 17:16:08.647 [TestNG-tests-1] DriverFactory - browser name is: edge
[INFO ] 2024-02-22 17:16:08.647 [TestNG-tests-2] DriverFactory - browser name is: chrome
[INFO ] 2024-02-22 17:16:08.679 [TestNG-tests-1] DriverFactory - Running it on edge browser....
[INFO ] 2024-02-22 17:16:08.679 [TestNG-tests-2] DriverFactory - Running it on chrome browser....
[INFO ] 2024-02-22 17:16:08.679 [TestNG-tests-2] DriverFactory - running it on local
[INFO ] 2024-02-22 17:55:29.920 [TestNG-tests-2] DriverFactory - browser name is: chrome
[INFO ] 2024-02-22 17:55:29.920 [TestNG-tests-1] DriverFactory - browser name is: edge
[INFO ] 2024-02-22 17:55:29.941 [TestNG-tests-2] DriverFactory - Running it on chrome browser....
[INFO ] 2024-02-22 17:55:29.941 [TestNG-tests-1] DriverFactory - Running it on edge browser....
[INFO ] 2024-02-22 17:55:29.941 [TestNG-tests-2] DriverFactory - running it on local
[INFO ] 2024-02-22 17:56:49.374 [TestNG-tests-2] DriverFactory - browser name is: chrome
[INFO ] 2024-02-22 17:56:49.375 [TestNG-tests-1] DriverFactory - browser name is: edge
[INFO ] 2024-02-22 17:56:49.401 [TestNG-tests-1] DriverFactory - Running it on edge browser....
[INFO ] 2024-02-22 17:56:49.402 [TestNG-tests-2] DriverFactory - Running it on chrome browser....
[INFO ] 2024-02-22 17:56:49.403 [TestNG-tests-2] DriverFactory - running it on local
[INFO ] 2024-02-22 17:59:45.318 [TestNG-tests-1] DriverFactory - browser name is: edge
[INFO ] 2024-02-22 17:59:45.318 [TestNG-tests-2] DriverFactory - browser name is: chrome
[INFO ] 2024-02-22 17:59:45.333 [TestNG-tests-1] DriverFactory - Running it on edge browser....
[INFO ] 2024-02-22 17:59:45.333 [TestNG-tests-2] DriverFactory - Running it on chrome browser....
[INFO ] 2024-02-22 17:59:45.334 [TestNG-tests-2] DriverFactory - running it on local
[INFO ] 2024-02-22 18:06:50.107 [TestNG-tests-1] DriverFactory - browser name is: chrome
[INFO ] 2024-02-22 18:06:50.126 [TestNG-tests-1] DriverFactory - Running it on chrome browser....
[INFO ] 2024-02-22 18:06:50.127 [TestNG-tests-1] DriverFactory - running it on local
[INFO ] 2024-02-22 18:08:24.180 [TestNG-tests-1] DriverFactory - browser name is: chrome
[INFO ] 2024-02-22 18:08:24.195 [TestNG-tests-1] DriverFactory - Running it on chrome browser....
[INFO ] 2024-02-22 18:08:24.195 [TestNG-tests-1] DriverFactory - running it on local
[INFO ] 2024-02-22 18:09:45.999 [TestNG-tests-1] DriverFactory - browser name is: chrome
[INFO ] 2024-02-22 18:09:46.011 [TestNG-tests-1] DriverFactory - Running it on chrome browser....
[INFO ] 2024-02-22 18:09:46.011 [TestNG-tests-1] DriverFactory - running it on local
[INFO ] 2024-02-22 18:11:01.609 [TestNG-tests-1] DriverFactory - browser name is: chrome
[INFO ] 2024-02-22 18:11:01.625 [TestNG-tests-1] DriverFactory - Running it on chrome browser....
[INFO ] 2024-02-22 18:11:01.625 [TestNG-tests-1] DriverFactory - running it on local
[INFO ] 2024-02-22 18:29:27.191 [TestNG-tests-1] DriverFactory - browser name is: chrome
[INFO ] 2024-02-22 18:29:27.199 [TestNG-tests-1] DriverFactory - Running it on chrome browser....
[INFO ] 2024-02-22 18:29:27.199 [TestNG-tests-1] DriverFactory - running it on local
[INFO ] 2024-02-22 18:32:09.772 [TestNG-tests-1] DriverFactory - browser name is: chrome
[INFO ] 2024-02-22 18:32:09.785 [TestNG-tests-1] DriverFactory - Running it on chrome browser....
[INFO ] 2024-02-22 18:32:09.785 [TestNG-tests-1] DriverFactory - running it on local
[INFO ] 2024-02-22 18:36:17.635 [TestNG-tests-1] DriverFactory - browser name is: chrome
[INFO ] 2024-02-22 18:36:17.646 [TestNG-tests-1] DriverFactory - Running it on chrome browser....
[INFO ] 2024-02-22 18:36:17.646 [TestNG-tests-1] DriverFactory - running it on local
[INFO ] 2024-02-22 18:37:51.065 [TestNG-tests-1] DriverFactory - browser name is: chrome
[INFO ] 2024-02-22 18:37:51.079 [TestNG-tests-1] DriverFactory - Running it on chrome browser....
[INFO ] 2024-02-22 18:37:51.080 [TestNG-tests-1] DriverFactory - running it on local
[INFO ] 2024-02-22 18:39:53.413 [TestNG-tests-1] DriverFactory - browser name is: chrome
[INFO ] 2024-02-22 18:39:53.430 [TestNG-tests-1] DriverFactory - Running it on chrome browser....
[INFO ] 2024-02-22 18:39:53.431 [TestNG-tests-1] DriverFactory - running it on local
[INFO ] 2024-02-22 18:45:54.540 [TestNG-tests-1] DriverFactory - browser name is: chrome
[INFO ] 2024-02-22 18:45:54.573 [TestNG-tests-1] DriverFactory - Running it on chrome browser....
[INFO ] 2024-02-22 18:45:54.573 [TestNG-tests-1] DriverFactory - running it on local
[INFO ] 2024-02-22 18:47:20.971 [TestNG-tests-1] DriverFactory - browser name is: chrome
[INFO ] 2024-02-22 18:47:20.981 [TestNG-tests-1] DriverFactory - Running it on chrome browser....
[INFO ] 2024-02-22 18:47:20.981 [TestNG-tests-1] DriverFactory - running it on local
[INFO ] 2024-02-22 18:49:33.265 [TestNG-tests-1] DriverFactory - browser name is: chrome
[INFO ] 2024-02-22 18:49:33.282 [TestNG-tests-1] DriverFactory - Running it on chrome browser....
[INFO ] 2024-02-22 18:49:33.282 [TestNG-tests-1] DriverFactory - running it on local
[INFO ] 2024-02-22 18:55:51.393 [TestNG-tests-1] DriverFactory - browser name is: chrome
[INFO ] 2024-02-22 18:55:51.405 [TestNG-tests-1] DriverFactory - Running it on chrome browser....
